<?xml version="1.0" encoding="UTF-8"?>
<!-- Generated by org.testng.reporters.JUnitReportReporter -->
<testsuite skipped="0" hostname="css-HP-EliteBook-840-G1" name="com.qa.test.DisabledElements" tests="1" failures="0" timestamp="31 Oct 2018 05:17:24 GMT" time="23.667" errors="0">
  <testcase name="test" time="23.667" classname="com.qa.test.DisabledElements"/>
</testsuite> <!-- com.qa.test.DisabledElements -->
