<?xml version="1.0" encoding="UTF-8"?>
<!-- Generated by org.testng.reporters.JUnitReportReporter -->
<testsuite skipped="0" hostname="css-HP-EliteBook-840-G1" name="com.qa.test.MouseHover" tests="1" failures="0" timestamp="24 Oct 2018 12:47:07 GMT" time="28.092" errors="0">
  <testcase name="testKeyPress" time="28.092" classname="com.qa.test.MouseHover"/>
</testsuite> <!-- com.qa.test.MouseHover -->
