<?xml version="1.0" encoding="UTF-8"?>
<!-- Generated by org.testng.reporters.JUnitReportReporter -->
<testsuite skipped="0" hostname="css-HP-EliteBook-840-G1" name="com.qa.test.sample" tests="1" failures="0" timestamp="30 Oct 2018 13:29:33 GMT" time="19.154" errors="0">
  <testcase name="downloadfile" time="19.154" classname="com.qa.test.sample"/>
</testsuite> <!-- com.qa.test.sample -->
