<?xml version="1.0" encoding="UTF-8"?>
<!-- Generated by org.testng.reporters.JUnitReportReporter -->
<testsuite skipped="0" hostname="css-HP-EliteBook-840-G1" name="com.qa.test.JavaScriptAlerts" tests="1" failures="0" timestamp="31 Oct 2018 11:43:23 GMT" time="140.809" errors="0">
  <testcase name="clickalert" time="140.809" classname="com.qa.test.JavaScriptAlerts"/>
</testsuite> <!-- com.qa.test.JavaScriptAlerts -->
