<?xml version="1.0" encoding="UTF-8"?>
<!-- Generated by org.testng.reporters.JUnitReportReporter -->
<testsuite skipped="0" hostname="css-HP-EliteBook-840-G1" name="com.qa.test.Dropdown" tests="1" failures="0" timestamp="25 Oct 2018 08:44:10 GMT" time="6.719" errors="0">
  <testcase name="dropdown" time="6.719" classname="com.qa.test.Dropdown"/>
</testsuite> <!-- com.qa.test.Dropdown -->
