<?xml version="1.0" encoding="UTF-8"?>
<!-- Generated by org.testng.reporters.JUnitReportReporter -->
<testsuite skipped="0" hostname="css-HP-EliteBook-840-G1" name="com.qa.test.CheckBox" tests="1" failures="0" timestamp="30 Oct 2018 10:18:47 GMT" time="8.011" errors="0">
  <testcase name="checkbox" time="8.011" classname="com.qa.test.CheckBox"/>
</testsuite> <!-- com.qa.test.CheckBox -->
