<?xml version="1.0" encoding="UTF-8"?>
<!-- Generated by org.testng.reporters.JUnitReportReporter -->
<testsuite skipped="0" hostname="css-HP-EliteBook-840-G1" name="com.qa.test.KeyBoard_Sendkeys" tests="1" failures="0" timestamp="25 Oct 2018 05:08:20 GMT" time="10.385" errors="0">
  <testcase name="testKeyPress" time="10.385" classname="com.qa.test.KeyBoard_Sendkeys"/>
</testsuite> <!-- com.qa.test.KeyBoard_Sendkeys -->
