<?xml version="1.0" encoding="UTF-8"?>
<!-- Generated by org.testng.reporters.JUnitReportReporter -->
<testsuite skipped="0" hostname="css-HP-EliteBook-840-G1" name="com.qa.test.RightClick" tests="1" failures="0" timestamp="25 Oct 2018 09:50:14 GMT" time="8.800" errors="0">
  <testcase name="verifyHomepageTitle" time="8.800" classname="com.qa.test.RightClick"/>
</testsuite> <!-- com.qa.test.RightClick -->
