<?xml version="1.0" encoding="UTF-8"?>
<!-- Generated by org.testng.reporters.JUnitReportReporter -->
<testsuite skipped="0" hostname="css-HP-EliteBook-840-G1" name="com.qa.test.MouseHover" tests="1" failures="0" timestamp="25 Oct 2018 10:54:08 GMT" time="7.132" errors="0">
  <testcase name="testKeyPress" time="7.132" classname="com.qa.test.MouseHover"/>
</testsuite> <!-- com.qa.test.MouseHover -->
